
ROM used:   109/8192 (1%)
            109/8192 (1%) including unused fragments

            0.2 Average locations per line
            5.5 Average locations per statement

RAM used:   5/368 (1%) at main() level
            6/368 (2%) worst case

Stack used: 1 worst case (1 in main + 0 for interrupts)
Stack size: 8

Lines Stmts  %   Files
----- ----- ---  -----
   49    20 100  main.c
  661     0   0  C:\Program Files (x86)\PICC\Devices\16F877A.h
----- -----
  710    20 Total

Page ROM  %  RAM   Vol Diff  Functions:
---- --- --- ---   --- ----  ----------
0     21  19    1             @delay_ms1
0     84  77    0   423  1.9  main
 Inline         0             @cinit1

Program metrics:
    Functions               1
    Statements              20
    Comments                110
    Volume (V)              428
    Difficulty (D)          1.8
    Effort to implement (E) 773
    Time to implement (T)   1 minutes
    Est Delivered Bugs (B)  0
    Cyclomatic Complexity   1
    Maintainability (MI)    65

 Segment     Used  Free
-----------  ----  ----
00000-00003     4  0  
00004-007FF   105  1939  
00800-00FFF     0  2048  
01000-017FF     0  2048  
01800-01FFF     0  2048  



