CCS PCM C Compiler, Version 5.008, 5967               09-Jul-25 19:23

               Filename:   K:\5th Sem\EIOT\EX 2\UP COUNTER AND DOWN COUNTER\main.lst

               ROM used:   103 words (1%)
                           Largest free fragment is 2048
               RAM used:   8 (2%) at main() level
                           9 (2%) worst case
               Stack used: 1 locations
               Stack size: 8

*
0000:  MOVLW  00
0001:  MOVWF  0A
0002:  GOTO   029
0003:  NOP
.................... #include <16F877A.h> 
.................... //////// Standard Header file for the PIC16F877A device //////////////// 
.................... #device PIC16F877A 
0004:  BCF    0A.0
0005:  BCF    0A.1
0006:  BCF    0A.2
0007:  ADDWF  02,F
0008:  RETLW  3F
0009:  RETLW  06
000A:  RETLW  5B
000B:  RETLW  4F
000C:  RETLW  66
000D:  RETLW  6D
000E:  RETLW  7D
000F:  RETLW  07
0010:  RETLW  7F
0011:  RETLW  6F
....................  
.................... #list 
....................  
.................... #device ADC=16 
....................  
.................... #FUSES NOWDT                    //No Watch Dog Timer 
.................... #FUSES PUT                      //Power Up Timer 
.................... #FUSES NOBROWNOUT               //No brownout reset 
.................... #FUSES NOLVP                    //No low voltage programming 
....................  
.................... #use delay(crystal=4MHz) 
0012:  MOVLW  23
0013:  MOVWF  04
0014:  BCF    03.7
0015:  MOVF   00,W
0016:  BTFSC  03.2
0017:  GOTO   026
0018:  MOVLW  01
0019:  MOVWF  78
001A:  CLRF   77
001B:  DECFSZ 77,F
001C:  GOTO   01B
001D:  DECFSZ 78,F
001E:  GOTO   01A
001F:  MOVLW  4A
0020:  MOVWF  77
0021:  DECFSZ 77,F
0022:  GOTO   021
0023:  GOTO   024
0024:  DECFSZ 00,F
0025:  GOTO   018
0026:  BCF    0A.3
0027:  BCF    0A.4
0028:  GOTO   063 (RETURN)
.................... #use FIXED_IO( B_outputs=PIN_B6,PIN_B5,PIN_B4,PIN_B3,PIN_B2,PIN_B1,PIN_B0 ) 
....................  
.................... #define SWITCH1 PIN_C0  
....................  
....................  
.................... const int8 segment_values[10] = { 
....................    0x3F,  // 0 
....................    0x06,  // 1 
....................    0x5B,  // 2 
....................    0x4F,  // 3 
....................    0x66,  // 4 
....................    0x6D,  // 5 
....................    0x7D,  // 6 
....................    0x07,  // 7 
....................    0x7F,  // 8 
....................    0x6F   // 9 
....................  
.................... }; 
....................  
.................... void main() 
0029:  MOVF   03,W
002A:  ANDLW  1F
002B:  MOVWF  03
002C:  MOVLW  FF
002D:  MOVWF  20
002E:  BSF    03.5
002F:  BSF    1F.0
0030:  BSF    1F.1
0031:  BSF    1F.2
0032:  BCF    1F.3
0033:  MOVLW  07
0034:  MOVWF  1C
0035:  BCF    03.7
0036:  BCF    03.5
0037:  CLRF   21
.................... { 
....................    int8 count = 0; 
....................    output_b(segment_values[count]);  
0038:  MOVF   21,W
0039:  CALL   004
003A:  MOVWF  22
003B:  MOVLW  80
003C:  BSF    03.5
003D:  MOVWF  06
003E:  BCF    03.5
003F:  MOVF   22,W
0040:  MOVWF  06
....................  
....................    while(TRUE) 
....................    { 
....................       if(input(SWITCH1)) 
0041:  BSF    20.0
0042:  MOVF   20,W
0043:  BSF    03.5
0044:  MOVWF  07
0045:  BCF    03.5
0046:  BTFSS  07.0
0047:  GOTO   04E
....................       { 
....................          
....................          count++; 
0048:  INCF   21,F
....................          if(count > 9) 
0049:  MOVF   21,W
004A:  SUBLW  09
004B:  BTFSS  03.0
....................             count = 0; 
004C:  CLRF   21
....................       } 
004D:  GOTO   055
....................       else 
....................       { 
....................          
....................          if(count == 0) 
004E:  MOVF   21,F
004F:  BTFSS  03.2
0050:  GOTO   054
....................             count = 9; 
0051:  MOVLW  09
0052:  MOVWF  21
0053:  GOTO   055
....................          else 
....................             count--; 
0054:  DECF   21,F
....................       } 
....................  
....................       output_b(segment_values[count]);  
0055:  MOVF   21,W
0056:  CALL   004
0057:  MOVWF  22
0058:  MOVLW  80
0059:  BSF    03.5
005A:  MOVWF  06
005B:  BCF    03.5
005C:  MOVF   22,W
005D:  MOVWF  06
....................       delay_ms(1000);  
005E:  MOVLW  04
005F:  MOVWF  22
0060:  MOVLW  FA
0061:  MOVWF  23
0062:  GOTO   012
0063:  DECFSZ 22,F
0064:  GOTO   060
0065:  GOTO   041
....................    } 
.................... } 
....................  
0066:  SLEEP

Configuration Fuses:
   Word  1: 3F31   XT NOWDT PUT NOBROWNOUT NOLVP NOCPD NOWRT NODEBUG NOPROTECT
