
ROM used:   103/8192 (1%)
            103/8192 (1%) including unused fragments

            0.1 Average locations per line
            7.4 Average locations per statement

RAM used:   8/368 (2%) at main() level
            9/368 (2%) worst case

Stack used: 1 worst case (1 in main + 0 for interrupts)
Stack size: 8

Lines Stmts  %   Files
----- ----- ---  -----
   57    14 100  main.c
  661     0   0  C:\Program Files (x86)\PICC\Devices\16F877A.h
----- -----
  718    14 Total

Page ROM  %  RAM   Vol Diff  Functions:
---- --- --- ---   --- ----  ----------
0     23  22    1             @delay_ms1
0     14  14    0             @const619
0     62  60    2   315  5.5  main
 Inline         0             @cinit1

Program metrics:
    Functions               1
    Statements              14
    Comments                120
    Volume (V)              321
    Difficulty (D)          5.0
    Effort to implement (E) 1596
    Time to implement (T)   1 minutes
    Est Delivered Bugs (B)  0
    Cyclomatic Complexity   3
    Maintainability (MI)    50

 Segment     Used  Free
-----------  ----  ----
00000-00003     4  0  
00004-007FF    99  1945  
00800-00FFF     0  2048  
01000-017FF     0  2048  
01800-01FFF     0  2048  



