
ROM used:   486/8192 (6%)
            486/8192 (6%) including unused fragments

            0.4 Average locations per line
            4.5 Average locations per statement

RAM used:   49/368 (13%) at main() level
            62/368 (17%) worst case

Stack used: 4 worst case (4 in main + 0 for interrupts)
Stack size: 8

Lines Stmts  %   Files
----- ----- ---  -----
   39     8   7  main.c
  661     0   0  C:\Program Files (x86)\PICC\Devices\16F877A.h
  456   100  93  C:\Program Files (x86)\PICC\Drivers\lcd.c
----- -----
 1156   108 Total

Page ROM  %  RAM   Vol Diff  Functions:
---- --- --- ---   --- ----  ----------
0     21   4    1             @delay_ms1
0      8   2    0             @const626
 Inline         3   760  4.5  lcd_read_byte
0     49  10    2   262  3.7  lcd_read_nibble
0     43   9    1   399  2.4  lcd_send_nibble
0     92  19    3   415  3.7  lcd_send_byte
0     61  13    2   704  5.0  lcd_init
0     18   4    4   208  6.3  lcd_gotoxy
 Inline         1   354  4.7  lcd_putc
0    123  25   44   276  4.9  MAIN
0     67  14    2             @PSTRINGR_645
 Inline         0             @cinit1

Program metrics:
    Functions               8
    Statements              108
    Comments                212
    Volume (V)              5146
    Difficulty (D)          34.4
    Effort to implement (E) 177073
    Time to implement (T)   2 hours, 44 minutes
    Est Delivered Bugs (B)  1
    Cyclomatic Complexity   9
    Maintainability (MI)    145

 Segment     Used  Free
-----------  ----  ----
00000-00003     4  0  
00004-007FF   482  1562  
00800-00FFF     0  2048  
01000-017FF     0  2048  
01800-01FFF     0  2048  



