
ROM used:   68/8192 (1%)
            68/8192 (1%) including unused fragments

            0.1 Average locations per line
            6.8 Average locations per statement

RAM used:   5/368 (1%) at main() level
            6/368 (2%) worst case

Stack used: 1 worst case (1 in main + 0 for interrupts)
Stack size: 8

Lines Stmts  %   Files
----- ----- ---  -----
   30    10 100  main.c
  661     0   0  C:\Program Files (x86)\PICC\Devices\16F877A.h
----- -----
  691    10 Total

Page ROM  %  RAM   Vol Diff  Functions:
---- --- --- ---   --- ----  ----------
0     21  31    1             @delay_ms1
0     43  63    0   172  1.8  main
 Inline         0             @cinit1

Program metrics:
    Functions               1
    Statements              10
    Comments                114
    Volume (V)              176
    Difficulty (D)          1.6
    Effort to implement (E) 286
    Time to implement (T)   0 minutes
    Est Delivered Bugs (B)  0
    Cyclomatic Complexity   1
    Maintainability (MI)    70

 Segment     Used  Free
-----------  ----  ----
00000-00003     4  0  
00004-007FF    64  1980  
00800-00FFF     0  2048  
01000-017FF     0  2048  
01800-01FFF     0  2048  



