
ROM used:   37/8192 (0%)
            37/8192 (0%) including unused fragments

            0.1 Average locations per line
            5.3 Average locations per statement

RAM used:   6/368 (2%) at main() level
            6/368 (2%) worst case

Stack used: 0 worst case (0 in main + 0 for interrupts)
Stack size: 8

Lines Stmts  %   Files
----- ----- ---  -----
   29     7 100  main.c
  661     0   0  C:\Program Files (x86)\PICC\Devices\16F877A.h
----- -----
  690     7 Total

Page ROM  %  RAM   Vol Diff  Functions:
---- --- --- ---   --- ----  ----------
0     33  89    1   132  3.0  main
 Inline         0             @cinit1

Program metrics:
    Functions               1
    Statements              7
    Comments                112
    Volume (V)              134
    Difficulty (D)          2.8
    Effort to implement (E) 375
    Time to implement (T)   0 minutes
    Est Delivered Bugs (B)  0
    Cyclomatic Complexity   1
    Maintainability (MI)    82

 Segment     Used  Free
-----------  ----  ----
00000-00003     4  0  
00004-007FF    33  2011  
00800-00FFF     0  2048  
01000-017FF     0  2048  
01800-01FFF     0  2048  



