CCS PCM C Compiler, Version 5.008, 5967               02-Jul-25 16:15

               Filename:   K:\EIOT\EX 1\5 LED\main.lst

               ROM used:   37 words (0%)
                           Largest free fragment is 2048
               RAM used:   6 (2%) at main() level
                           6 (2%) worst case
               Stack used: 0 locations
               Stack size: 8

*
0000:  MOVLW  00
0001:  MOVWF  0A
0002:  GOTO   004
0003:  NOP
.................... #include <16F877A.h> 
.................... //////// Standard Header file for the PIC16F877A device //////////////// 
.................... #device PIC16F877A 
....................  
.................... #list 
....................  
.................... #device ADC=16 
....................  
.................... #FUSES NOWDT                    //No Watch Dog Timer 
.................... #FUSES PUT                      //Power Up Timer 
.................... #FUSES NOBROWNOUT               //No brownout reset 
.................... #FUSES NOLVP                    //No low voltage programming, B3(PIC16) or B5(PIC18) used for I/O 
....................  
.................... #use delay(crystal=4MHz) 
.................... #use FIXED_IO(B_outputs=PIN_B0) 
....................  
.................... #define LED     PIN_B0 
.................... #define SWITCH1  PIN_D0 
....................  
.................... void main() 
0004:  MOVF   03,W
0005:  ANDLW  1F
0006:  MOVWF  03
0007:  BSF    03.5
0008:  BSF    1F.0
0009:  BSF    1F.1
000A:  BSF    1F.2
000B:  BCF    1F.3
000C:  MOVLW  07
000D:  MOVWF  1C
000E:  BCF    03.7
.................... { 
....................    set_tris_d(0xFF);  //11111111 
000F:  MOVLW  FF
0010:  MOVWF  08
....................    set_tris_b(0xFE); //11111110 
0011:  MOVLW  FE
0012:  MOVWF  06
....................  
....................    while(TRUE) 
....................    { 
....................       if (input(SWITCH1) == 0)   
0013:  BSF    08.0
0014:  BCF    03.5
0015:  BTFSC  08.0
0016:  GOTO   01D
....................          output_low(LED);      
0017:  MOVLW  FE
0018:  BSF    03.5
0019:  MOVWF  06
001A:  BCF    03.5
001B:  BCF    06.0
001C:  GOTO   022
....................       else 
....................          output_high(LED);  
001D:  MOVLW  FE
001E:  BSF    03.5
001F:  MOVWF  06
0020:  BCF    03.5
0021:  BSF    06.0
0022:  BSF    03.5
0023:  GOTO   013
....................    } 
.................... } 
....................  
0024:  SLEEP

Configuration Fuses:
   Word  1: 3F31   XT NOWDT PUT NOBROWNOUT NOLVP NOCPD NOWRT NODEBUG NOPROTECT
