CCS PCM C Compiler, Version 5.008, 5967               09-Jul-25 09:20

               Filename:   K:\5th Sem\EIOT\EX 2\7 SEGMENT CC\main.lst

               ROM used:   77 words (1%)
                           Largest free fragment is 2048
               RAM used:   7 (2%) at main() level
                           8 (2%) worst case
               Stack used: 1 locations
               Stack size: 8

*
0000:  MOVLW  00
0001:  MOVWF  0A
0002:  GOTO   029
0003:  NOP
.................... #include <16F877A.h> 
.................... //////// Standard Header file for the PIC16F877A device //////////////// 
.................... #device PIC16F877A 
0004:  BCF    0A.0
0005:  BCF    0A.1
0006:  BCF    0A.2
0007:  ADDWF  02,F
0008:  RETLW  3F
0009:  RETLW  06
000A:  RETLW  5B
000B:  RETLW  4F
000C:  RETLW  66
000D:  RETLW  6D
000E:  RETLW  7D
000F:  RETLW  07
0010:  RETLW  7F
0011:  RETLW  6F
....................  
.................... #list 
....................  
.................... #device ADC=16 
....................  
.................... #FUSES NOWDT                    // No Watchdog Timer 
.................... #FUSES PUT                      // Power-Up Timer 
.................... #FUSES NOBROWNOUT               // No Brown-out Reset 
.................... #FUSES NOLVP                    // No Low Voltage Programming 
....................  
.................... #use delay(crystal=4MHz) 
0012:  MOVLW  23
0013:  MOVWF  04
0014:  BCF    03.7
0015:  MOVF   00,W
0016:  BTFSC  03.2
0017:  GOTO   026
0018:  MOVLW  01
0019:  MOVWF  78
001A:  CLRF   77
001B:  DECFSZ 77,F
001C:  GOTO   01B
001D:  DECFSZ 78,F
001E:  GOTO   01A
001F:  MOVLW  4A
0020:  MOVWF  77
0021:  DECFSZ 77,F
0022:  GOTO   021
0023:  GOTO   024
0024:  DECFSZ 00,F
0025:  GOTO   018
0026:  BCF    0A.3
0027:  BCF    0A.4
0028:  GOTO   047 (RETURN)
.................... #use FIXED_IO(B_outputs=PIN_B7,PIN_B6,PIN_B5,PIN_B4,PIN_B3,PIN_B2,PIN_B1,PIN_B0) 
....................  
.................... const unsigned int8 segment_code[10] = { 
....................    0x3F, // 0 
....................    0x06, // 1 
....................    0x5B, // 2 
....................    0x4F, // 3 
....................    0x66, // 4 
....................    0x6D, // 5 
....................    0x7D, // 6 
....................    0x07, // 7 
....................    0x7F, // 8 
....................    0x6F  // 9 
.................... }; 
....................  
.................... void main() { 
0029:  MOVF   03,W
002A:  ANDLW  1F
002B:  MOVWF  03
002C:  BSF    03.5
002D:  BSF    1F.0
002E:  BSF    1F.1
002F:  BSF    1F.2
0030:  BCF    1F.3
0031:  MOVLW  07
0032:  MOVWF  1C
0033:  BCF    03.7
....................    int i; 
....................    while(TRUE) { 
....................       for(i = 0; i < 10; i++) { 
0034:  BCF    03.5
0035:  CLRF   21
0036:  MOVF   21,W
0037:  SUBLW  09
0038:  BTFSS  03.0
0039:  GOTO   04B
....................          output_b(segment_code[i]); // Show number on 7-segment 
003A:  MOVF   21,W
003B:  CALL   004
003C:  MOVWF  22
003D:  BSF    03.5
003E:  CLRF   06
003F:  BCF    03.5
0040:  MOVF   22,W
0041:  MOVWF  06
....................          delay_ms(1000);             
0042:  MOVLW  04
0043:  MOVWF  22
0044:  MOVLW  FA
0045:  MOVWF  23
0046:  GOTO   012
0047:  DECFSZ 22,F
0048:  GOTO   044
0049:  INCF   21,F
004A:  GOTO   036
....................       } 
004B:  GOTO   035
....................    } 
.................... } 
....................  
004C:  SLEEP

Configuration Fuses:
   Word  1: 3F31   XT NOWDT PUT NOBROWNOUT NOLVP NOCPD NOWRT NODEBUG NOPROTECT
