
ROM used:   77/8192 (1%)
            77/8192 (1%) including unused fragments

            0.1 Average locations per line
            12.8 Average locations per statement

RAM used:   7/368 (2%) at main() level
            8/368 (2%) worst case

Stack used: 1 worst case (1 in main + 0 for interrupts)
Stack size: 8

Lines Stmts  %   Files
----- ----- ---  -----
   35     6 100  main.c
  661     0   0  C:\Program Files (x86)\PICC\Devices\16F877A.h
----- -----
  696     6 Total

Page ROM  %  RAM   Vol Diff  Functions:
---- --- --- ---   --- ----  ----------
0     23  30    1             @delay_ms1
0     14  18    0             @const619
0     36  47    2   147  3.9  main
 Inline         0             @cinit1

Program metrics:
    Functions               1
    Statements              6
    Comments                121
    Volume (V)              152
    Difficulty (D)          3.3
    Effort to implement (E) 495
    Time to implement (T)   0 minutes
    Est Delivered Bugs (B)  0
    Cyclomatic Complexity   1
    Maintainability (MI)    67

 Segment     Used  Free
-----------  ----  ----
00000-00003     4  0  
00004-007FF    73  1971  
00800-00FFF     0  2048  
01000-017FF     0  2048  
01800-01FFF     0  2048  



