CCS PCM C Compiler, Version 5.008, 5967               02-Jul-25 14:27

               Filename:   K:\EIOT\EX 1\1 LED\main.lst

               ROM used:   54 words (1%)
                           Largest free fragment is 2048
               RAM used:   5 (1%) at main() level
                           6 (2%) worst case
               Stack used: 1 locations
               Stack size: 8

*
0000:  MOVLW  00
0001:  MOVWF  0A
0002:  GOTO   019
0003:  NOP
.................... #include <16F877A.h> 
.................... //////// Standard Header file for the PIC16F877A device //////////////// 
.................... #device PIC16F877A 
....................  
.................... #list 
....................  
.................... #device ADC=16 
....................  
.................... #FUSES NOWDT                    //No Watch Dog Timer 
.................... #FUSES PUT                      //Power Up Timer 
.................... #FUSES NOBROWNOUT               //No brownout reset 
.................... #FUSES NOLVP                    //No low voltage prgming, B3(PIC16) or B5(PIC18) used for I/O 
....................  
.................... #use delay(crystal=4MHz) 
0004:  MOVLW  21
0005:  MOVWF  04
0006:  BCF    03.7
0007:  MOVF   00,W
0008:  BTFSC  03.2
0009:  GOTO   018
000A:  MOVLW  01
000B:  MOVWF  78
000C:  CLRF   77
000D:  DECFSZ 77,F
000E:  GOTO   00D
000F:  DECFSZ 78,F
0010:  GOTO   00C
0011:  MOVLW  4A
0012:  MOVWF  77
0013:  DECFSZ 77,F
0014:  GOTO   013
0015:  GOTO   016
0016:  DECFSZ 00,F
0017:  GOTO   00A
0018:  RETURN
.................... #use FIXED_IO( B_outputs=PIN_B0 ) 
.................... #define LED   PIN_B0 
....................  
.................... void main() 
0019:  MOVF   03,W
001A:  ANDLW  1F
001B:  MOVWF  03
001C:  BSF    03.5
001D:  BSF    1F.0
001E:  BSF    1F.1
001F:  BSF    1F.2
0020:  BCF    1F.3
0021:  MOVLW  07
0022:  MOVWF  1C
0023:  BCF    03.7
.................... { 
....................  
....................    while(TRUE) 
....................    { 
....................      output_high(LED);      
0024:  MOVLW  FE
0025:  MOVWF  06
0026:  BCF    03.5
0027:  BSF    06.0
....................       delay_ms(100);        
0028:  MOVLW  64
0029:  MOVWF  21
002A:  CALL   004
....................  
....................       output_low(LED);       
002B:  MOVLW  FE
002C:  BSF    03.5
002D:  MOVWF  06
002E:  BCF    03.5
002F:  BCF    06.0
....................       delay_ms(100); 
0030:  MOVLW  64
0031:  MOVWF  21
0032:  CALL   004
0033:  BSF    03.5
0034:  GOTO   024
....................    } 
....................  
.................... } 
0035:  SLEEP

Configuration Fuses:
   Word  1: 3F31   XT NOWDT PUT NOBROWNOUT NOLVP NOCPD NOWRT NODEBUG NOPROTECT
